2020-04-27 19:42:16,828  WARN PreProcessEuclidean:59 There are links with stored length smaller than their Euclidean distance in this network. Thus, A* cannot guarantee to calculate the least-cost paths between two nodes.
2020-04-27 19:42:16,854  WARN PreProcessEuclidean:59 There are links with stored length smaller than their Euclidean distance in this network. Thus, A* cannot guarantee to calculate the least-cost paths between two nodes.
2020-04-27 19:42:16,909  WARN PrepareForSimImpl:191 'usePersonIdForMissingVehicleId' is deprecated. It will be removed soon.
2020-04-27 19:42:16,957  WARN ObjectAttributesConverter:75 No AttributeConverter found for class java.util.HashMap. Not all attribute values can be converted.
2020-04-27 19:42:17,074  WARN QueueWithBuffer:387 Link 1 too small: enlarge storage capacity from: 1333.3333333333333 Vehicles to: 3599.712023038157 Vehicles.  This is not fatal, but modifies the traffic flow dynamics.
2020-04-27 19:42:17,076  WARN QueueWithBuffer:387 Link 20 too small: enlarge storage capacity from: 1333.3333333333333 Vehicles to: 3599.712023038157 Vehicles.  This is not fatal, but modifies the traffic flow dynamics.
2020-04-27 19:42:17,076  WARN QueueWithBuffer:387 Link 21 too small: enlarge storage capacity from: 1333.3333333333333 Vehicles to: 3599.712023038157 Vehicles.  This is not fatal, but modifies the traffic flow dynamics.
2020-04-27 19:42:17,077  WARN QueueWithBuffer:387 Link 22 too small: enlarge storage capacity from: 4666.666666666667 Vehicles to: 12598.99208063355 Vehicles.  This is not fatal, but modifies the traffic flow dynamics.
2020-04-27 19:42:17,077  WARN QueueWithBuffer:387 Link 23 too small: enlarge storage capacity from: 1333.3333333333333 Vehicles to: 3599.712023038157 Vehicles.  This is not fatal, but modifies the traffic flow dynamics.
2020-04-27 19:42:18,039  WARN CharyparNagelActivityScoring:252 The first and the last activity do not have the same type. 
2020-04-27 19:42:18,039  WARN CharyparNagelActivityScoring:253 Will score the first activity from midnight to its end, and the last activity from its start to midnight.
2020-04-27 19:42:18,040  WARN CharyparNagelActivityScoring:254 Because of the nonlinear function, this is not the same as scoring from start to end.
2020-04-27 19:42:18,040  WARN CharyparNagelActivityScoring:255 first activity: act [type=h][coord=null][linkId=21][startTime=undefined][endTime=06:00:00][duration=undefined][facilityId=null]
2020-04-27 19:42:18,040  WARN CharyparNagelActivityScoring:256 last activity: act [type=w][coord=null][linkId=1][startTime=06:33:00][endTime=undefined][duration=undefined][facilityId=null]
2020-04-27 19:42:18,040  WARN CharyparNagelActivityScoring:257 This may also happen when plans are not completed when the simulation ends.
2020-04-27 19:42:18,040  WARN CharyparNagelActivityScoring:259 Additional warnings of this type are suppressed.
2020-04-27 19:42:19,138  WARN ObjectAttributesConverter:75 No AttributeConverter found for class java.util.HashMap. Not all attribute values can be converted.
2020-04-27 19:42:19,159  WARN QueueWithBuffer:387 Link 1 too small: enlarge storage capacity from: 1333.3333333333333 Vehicles to: 3599.712023038157 Vehicles.  This is not fatal, but modifies the traffic flow dynamics.
2020-04-27 19:42:19,159  WARN QueueWithBuffer:387 Link 20 too small: enlarge storage capacity from: 1333.3333333333333 Vehicles to: 3599.712023038157 Vehicles.  This is not fatal, but modifies the traffic flow dynamics.
2020-04-27 19:42:19,160  WARN QueueWithBuffer:387 Link 21 too small: enlarge storage capacity from: 1333.3333333333333 Vehicles to: 3599.712023038157 Vehicles.  This is not fatal, but modifies the traffic flow dynamics.
2020-04-27 19:42:19,160  WARN QueueWithBuffer:387 Link 22 too small: enlarge storage capacity from: 4666.666666666667 Vehicles to: 12598.99208063355 Vehicles.  This is not fatal, but modifies the traffic flow dynamics.
2020-04-27 19:42:19,160  WARN QueueWithBuffer:387 Link 23 too small: enlarge storage capacity from: 1333.3333333333333 Vehicles to: 3599.712023038157 Vehicles.  This is not fatal, but modifies the traffic flow dynamics.
2020-04-27 19:42:20,834  WARN QueueWithBuffer:387 Link 1 too small: enlarge storage capacity from: 1333.3333333333333 Vehicles to: 3599.712023038157 Vehicles.  This is not fatal, but modifies the traffic flow dynamics.
2020-04-27 19:42:20,834  WARN QueueWithBuffer:390 Additional warnings of this type are suppressed.
2020-04-27 19:42:29,932  WARN ObjectAttributesConverter:75 No AttributeConverter found for class java.util.HashMap. Not all attribute values can be converted.
2020-04-27 19:42:31,099  WARN ObjectAttributesConverter:75 No AttributeConverter found for class java.util.HashMap. Not all attribute values can be converted.
